<?xml version="1.0" encoding="UTF-8"?>
<testsuite xmlns:xsi="http://www.w3.org/2001/XMLSchema-instance" xsi:noNamespaceSchemaLocation="https://maven.apache.org/surefire/maven-surefire-plugin/xsd/surefire-test-report.xsd" name="com.froggye.junit_2_testing.JsonParserTests" time="2.187" tests="11" errors="0" skipped="0" failures="0">
  <properties>
[...]
</properties>
  <testcase name="readRegularLocal" classname="com.froggye.junit_2_testing.JsonParserTests" time="0.023"/>
  <testcase name="writeFile" classname="com.froggye.junit_2_testing.JsonParserTests" time="0.015"/>
  <testcase name="readNoURL" classname="com.froggye.junit_2_testing.JsonParserTests" time="0"/>
  <testcase name="readNonexistentURL" classname="com.froggye.junit_2_testing.JsonParserTests" time="0.842"/>
  <testcase name="readEmptyURL" classname="com.froggye.junit_2_testing.JsonParserTests" time="0.762"/>
  <testcase name="readEmptyLocal" classname="com.froggye.junit_2_testing.JsonParserTests" time="0"/>
  <testcase name="readInputMismatchLocal" classname="com.froggye.junit_2_testing.JsonParserTests" time="0.003"/>
  <testcase name="readInputMismatchURL" classname="com.froggye.junit_2_testing.JsonParserTests" time="0.151"/>
  <testcase name="readRegularURL" classname="com.froggye.junit_2_testing.JsonParserTests" time="0.294"/>
  <testcase name="readNonexistentLocal" classname="com.froggye.junit_2_testing.JsonParserTests" time="0.001"/>
  <testcase name="writeEmptyFile" classname="com.froggye.junit_2_testing.JsonParserTests" time="0.002"/>
</testsuite>